<?xml version="1.0" encoding="UTF-8"?>
<!-- Generated by org.testng.reporters.JUnitXMLReporter -->
<testsuite ignored="0" hostname="LAPTOP-NLJV8V8E" failures="0" tests="4" name="API Test Cases" time="3.187" errors="0" timestamp="2025-08-24T23:23:25 IST">
  <testcase classname="api.sampleDev.APITests" name="postPhoneAPI" time="2.154"/>
  <testcase classname="api.sampleDev.APITests" name="getPhoneAPI" time="0.294"/>
  <testcase classname="api.sampleDev.APITests" name="putPhoneAPI" time="0.272"/>
  <testcase classname="api.sampleDev.APITests" name="deletePhoneAPI" time="0.449"/>
</testsuite> <!-- API Test Cases -->
