<?xml version="1.0" encoding="UTF-8"?>
<!-- Generated by org.testng.reporters.JUnitXMLReporter -->
<testsuite ignored="0" hostname="LAPTOP-NLJV8V8E" failures="0" tests="4" name="API Test Cases" time="4.276" errors="0" timestamp="2025-08-16T12:53:17 IST">
  <testcase classname="api.sampleDev.APITests" name="postPhoneAPI" time="3.011"/>
  <testcase classname="api.sampleDev.APITests" name="getPhoneAPI" time="0.325"/>
  <testcase classname="api.sampleDev.APITests" name="putPhoneAPI" time="0.346"/>
  <testcase classname="api.sampleDev.APITests" name="deletePhoneAPI" time="0.585"/>
</testsuite> <!-- API Test Cases -->
