<?xml version="1.0" encoding="UTF-8"?>
<testsuite xmlns:xsi="http://www.w3.org/2001/XMLSchema-instance" xsi:noNamespaceSchemaLocation="https://maven.apache.org/surefire/maven-surefire-plugin/xsd/surefire-test-report-3.0.xsd" version="3.0" name="TestSuite" time="14.288" tests="5" errors="0" skipped="0" failures="0">
  <properties>
[...]
</properties>
  <testcase name="validateLogin" classname="webui.loginPage.Login" time="0.124">
    <system-out><![CDATA[[DEBUG] 2025-08-24 17:37:13.328 [main] TestNG - suiteXmlPath: "/app/src/main/resources/testng.xml"
[INFO ] 2025-08-24 17:37:18.244 [main] Login - login successfull
[INFO ] 2025-08-24 17:37:18.348 [main] Login - Page title: Swag Labs
[INFO ] 2025-08-24 17:37:18.403 [main] Login - Login test passed with product count as: 6
]]></system-out>
    <system-err><![CDATA[Aug 24, 2025 5:37:16 PM org.openqa.selenium.devtools.CdpVersionFinder findNearestMatch
WARNING: Unable to find an exact match for CDP version 139, returning the closest version; found: 138; Please update to a Selenium version that supports CDP version 139
]]></system-err>
  </testcase>
  <testcase name="postPhoneAPI" classname="api.sampleDev.APITests" time="5.931">
    <system-out><![CDATA[[INFO ] 2025-08-24 17:37:18.519 [main] Login - Browser closed successfully
[INFO ] 2025-08-24 17:37:23.090 [main] APITests - POST Response to phone creation : {"id":"ff8081819782e69e0198dd2800121f01","name":"Apple IPhone 13-RK","createdAt":"2025-08-24T17:37:22.963+00:00","data":{"year":2021,"price":899.99,"CPU model":"Google Tensor","Hard disk size":"128 GB"}}
[INFO ] 2025-08-24 17:37:24.500 [main] APITests - Device ID: ff8081819782e69e0198dd2800121f01
]]></system-out>
  </testcase>
  <testcase name="getPhoneAPI" classname="api.sampleDev.APITests" time="0.412">
    <system-out><![CDATA[[INFO ] 2025-08-24 17:37:24.914 [main] APITests - GET API Test Passed with phone name: Apple IPhone 13-RK
]]></system-out>
  </testcase>
  <testcase name="putPhoneAPI" classname="api.sampleDev.APITests" time="0.306">
    <system-out><![CDATA[Body: { "name": "Apple IPhone 13-RK","data": {"year": 2021,"price": 799.990000, "CPU model": "Google Tensor", "Hard disk size": "128 GB"} }
[INFO ] 2025-08-24 17:37:25.181 [main] APITests - PUT Response to phone update: {"id":"ff8081819782e69e0198dd2800121f01","name":"Apple IPhone 13-RK","updatedAt":"2025-08-24T17:37:25.291+00:00","data":{"year":2021,"price":799.99,"CPU model":"Google Tensor","Hard disk size":"128 GB"}}
Current phone price: 799.99
[INFO ] 2025-08-24 17:37:25.220 [main] APITests - PUT API Test Passed with phone price: 799.99
]]></system-out>
  </testcase>
  <testcase name="deletePhoneAPI" classname="api.sampleDev.APITests" time="0.552">
    <system-out><![CDATA[[INFO ] 2025-08-24 17:37:25.575 [main] APITests - DELETE Response: {"message":"Object with id = ff8081819782e69e0198dd2800121f01 has been deleted."}
[INFO ] 2025-08-24 17:37:25.773 [main] APITests - DELETE API Test Passed, phone deleted successfully
]]></system-out>
  </testcase>
</testsuite>