<?xml version="1.0" encoding="UTF-8"?>
<testng-results ignored="0" total="5" passed="5" failed="0" skipped="0">
  <reporter-output>
  </reporter-output>
  <suite started-at="2025-08-24T17:37:16 UTC" name="Test Automation Test Suite" finished-at="2025-08-24T17:37:25 UTC" duration-ms="8882">
    <groups>
      <group name="web">
        <method signature="Login.validateLogin()[pri:0, instance:webui.loginPage.Login@34f22f9d]" name="validateLogin" class="webui.loginPage.Login"/>
      </group> <!-- web -->
      <group name="api">
        <method signature="APITests.postPhoneAPI()[pri:1, instance:api.sampleDev.APITests@46dffdc3]" name="postPhoneAPI" class="api.sampleDev.APITests"/>
        <method signature="APITests.getPhoneAPI()[pri:2, instance:api.sampleDev.APITests@46dffdc3]" name="getPhoneAPI" class="api.sampleDev.APITests"/>
        <method signature="APITests.putPhoneAPI()[pri:3, instance:api.sampleDev.APITests@46dffdc3]" name="putPhoneAPI" class="api.sampleDev.APITests"/>
        <method signature="APITests.deletePhoneAPI()[pri:4, instance:api.sampleDev.APITests@46dffdc3]" name="deletePhoneAPI" class="api.sampleDev.APITests"/>
      </group> <!-- api -->
    </groups>
    <test started-at="2025-08-24T17:37:16 UTC" name="WebUI Test Cases" finished-at="2025-08-24T17:37:18 UTC" duration-ms="1631">
      <class name="webui.loginPage.Login">
        <test-method is-config="true" signature="setUp()[pri:0, instance:webui.loginPage.Login@34f22f9d]" started-at="2025-08-24T17:37:16 UTC" name="setUp" finished-at="2025-08-24T17:37:18 UTC" duration-ms="1322" status="PASS">
          <reporter-output>
          </reporter-output>
        </test-method> <!-- setUp -->
        <test-method signature="validateLogin()[pri:0, instance:webui.loginPage.Login@34f22f9d]" started-at="2025-08-24T17:37:18 UTC" name="validateLogin" finished-at="2025-08-24T17:37:18 UTC" duration-ms="120" status="PASS">
          <reporter-output>
          </reporter-output>
        </test-method> <!-- validateLogin -->
        <test-method is-config="true" signature="tearDown()[pri:0, instance:webui.loginPage.Login@34f22f9d]" started-at="2025-08-24T17:37:18 UTC" name="tearDown" finished-at="2025-08-24T17:37:18 UTC" duration-ms="111" status="PASS">
          <reporter-output>
          </reporter-output>
        </test-method> <!-- tearDown -->
      </class> <!-- webui.loginPage.Login -->
    </test> <!-- WebUI Test Cases -->
    <test started-at="2025-08-24T17:37:18 UTC" name="API Test Cases" finished-at="2025-08-24T17:37:25 UTC" duration-ms="7206">
      <class name="api.sampleDev.APITests">
        <test-method is-config="true" signature="loadProfiles()[pri:0, instance:api.sampleDev.APITests@46dffdc3]" started-at="2025-08-24T17:37:16 UTC" name="loadProfiles" finished-at="2025-08-24T17:37:16 UTC" duration-ms="1" status="PASS">
          <reporter-output>
          </reporter-output>
        </test-method> <!-- loadProfiles -->
        <test-method signature="postPhoneAPI()[pri:1, instance:api.sampleDev.APITests@46dffdc3]" started-at="2025-08-24T17:37:18 UTC" name="postPhoneAPI" finished-at="2025-08-24T17:37:24 UTC" duration-ms="5931" status="PASS">
          <reporter-output>
          </reporter-output>
        </test-method> <!-- postPhoneAPI -->
        <test-method signature="getPhoneAPI()[pri:2, instance:api.sampleDev.APITests@46dffdc3]" started-at="2025-08-24T17:37:24 UTC" name="getPhoneAPI" finished-at="2025-08-24T17:37:24 UTC" duration-ms="412" status="PASS">
          <reporter-output>
          </reporter-output>
        </test-method> <!-- getPhoneAPI -->
        <test-method signature="putPhoneAPI()[pri:3, instance:api.sampleDev.APITests@46dffdc3]" started-at="2025-08-24T17:37:24 UTC" name="putPhoneAPI" finished-at="2025-08-24T17:37:25 UTC" duration-ms="305" status="PASS">
          <reporter-output>
          </reporter-output>
        </test-method> <!-- putPhoneAPI -->
        <test-method signature="deletePhoneAPI()[pri:4, instance:api.sampleDev.APITests@46dffdc3]" started-at="2025-08-24T17:37:25 UTC" name="deletePhoneAPI" finished-at="2025-08-24T17:37:25 UTC" duration-ms="551" status="PASS">
          <reporter-output>
          </reporter-output>
        </test-method> <!-- deletePhoneAPI -->
      </class> <!-- api.sampleDev.APITests -->
      <class name="webui.loginPage.Login">
        <test-method is-config="true" signature="driverInitialization()[pri:0, instance:webui.loginPage.Login@34f22f9d]" started-at="2025-08-24T17:37:13 UTC" name="driverInitialization" finished-at="2025-08-24T17:37:16 UTC" duration-ms="2989" status="PASS">
          <reporter-output>
          </reporter-output>
        </test-method> <!-- driverInitialization -->
      </class> <!-- webui.loginPage.Login -->
    </test> <!-- API Test Cases -->
  </suite> <!-- Test Automation Test Suite -->
</testng-results>
