<?xml version="1.0" encoding="UTF-8"?>
<testng-results ignored="0" total="5" passed="5" failed="0" skipped="0">
  <reporter-output>
  </reporter-output>
  <suite started-at="2025-08-24T23:23:21 IST" name="Test Automation Test Suite" finished-at="2025-08-24T23:23:25 IST" duration-ms="4414">
    <groups>
      <group name="web">
        <method signature="Login.validateLogin()[pri:0, instance:webui.loginPage.Login@1e0f9063]" name="validateLogin" class="webui.loginPage.Login"/>
      </group> <!-- web -->
      <group name="api">
        <method signature="APITests.postPhoneAPI()[pri:1, instance:api.sampleDev.APITests@74960bfa]" name="postPhoneAPI" class="api.sampleDev.APITests"/>
        <method signature="APITests.getPhoneAPI()[pri:2, instance:api.sampleDev.APITests@74960bfa]" name="getPhoneAPI" class="api.sampleDev.APITests"/>
        <method signature="APITests.putPhoneAPI()[pri:3, instance:api.sampleDev.APITests@74960bfa]" name="putPhoneAPI" class="api.sampleDev.APITests"/>
        <method signature="APITests.deletePhoneAPI()[pri:4, instance:api.sampleDev.APITests@74960bfa]" name="deletePhoneAPI" class="api.sampleDev.APITests"/>
      </group> <!-- api -->
    </groups>
    <test started-at="2025-08-24T23:23:21 IST" name="WebUI Test Cases" finished-at="2025-08-24T23:23:22 IST" duration-ms="1211">
      <class name="webui.loginPage.Login">
        <test-method is-config="true" signature="setUp()[pri:0, instance:webui.loginPage.Login@1e0f9063]" started-at="2025-08-24T23:23:21 IST" name="setUp" finished-at="2025-08-24T23:23:22 IST" duration-ms="981" status="PASS">
          <reporter-output>
          </reporter-output>
        </test-method> <!-- setUp -->
        <test-method signature="validateLogin()[pri:0, instance:webui.loginPage.Login@1e0f9063]" started-at="2025-08-24T23:23:22 IST" name="validateLogin" finished-at="2025-08-24T23:23:22 IST" duration-ms="80" status="PASS">
          <reporter-output>
          </reporter-output>
        </test-method> <!-- validateLogin -->
        <test-method is-config="true" signature="tearDown()[pri:0, instance:webui.loginPage.Login@1e0f9063]" started-at="2025-08-24T23:23:22 IST" name="tearDown" finished-at="2025-08-24T23:23:22 IST" duration-ms="126" status="PASS">
          <reporter-output>
          </reporter-output>
        </test-method> <!-- tearDown -->
      </class> <!-- webui.loginPage.Login -->
    </test> <!-- WebUI Test Cases -->
    <test started-at="2025-08-24T23:23:22 IST" name="API Test Cases" finished-at="2025-08-24T23:23:25 IST" duration-ms="3187">
      <class name="api.sampleDev.APITests">
        <test-method is-config="true" signature="loadProfiles()[pri:0, instance:api.sampleDev.APITests@74960bfa]" started-at="2025-08-24T23:23:21 IST" name="loadProfiles" finished-at="2025-08-24T23:23:21 IST" duration-ms="0" status="PASS">
          <reporter-output>
          </reporter-output>
        </test-method> <!-- loadProfiles -->
        <test-method signature="postPhoneAPI()[pri:1, instance:api.sampleDev.APITests@74960bfa]" started-at="2025-08-24T23:23:22 IST" name="postPhoneAPI" finished-at="2025-08-24T23:23:24 IST" duration-ms="2154" status="PASS">
          <reporter-output>
          </reporter-output>
        </test-method> <!-- postPhoneAPI -->
        <test-method signature="getPhoneAPI()[pri:2, instance:api.sampleDev.APITests@74960bfa]" started-at="2025-08-24T23:23:24 IST" name="getPhoneAPI" finished-at="2025-08-24T23:23:24 IST" duration-ms="294" status="PASS">
          <reporter-output>
          </reporter-output>
        </test-method> <!-- getPhoneAPI -->
        <test-method signature="putPhoneAPI()[pri:3, instance:api.sampleDev.APITests@74960bfa]" started-at="2025-08-24T23:23:24 IST" name="putPhoneAPI" finished-at="2025-08-24T23:23:25 IST" duration-ms="272" status="PASS">
          <reporter-output>
          </reporter-output>
        </test-method> <!-- putPhoneAPI -->
        <test-method signature="deletePhoneAPI()[pri:4, instance:api.sampleDev.APITests@74960bfa]" started-at="2025-08-24T23:23:25 IST" name="deletePhoneAPI" finished-at="2025-08-24T23:23:25 IST" duration-ms="449" status="PASS">
          <reporter-output>
          </reporter-output>
        </test-method> <!-- deletePhoneAPI -->
      </class> <!-- api.sampleDev.APITests -->
      <class name="webui.loginPage.Login">
        <test-method is-config="true" signature="driverInitialization()[pri:0, instance:webui.loginPage.Login@1e0f9063]" started-at="2025-08-24T23:23:15 IST" name="driverInitialization" finished-at="2025-08-24T23:23:21 IST" duration-ms="6152" status="PASS">
          <reporter-output>
          </reporter-output>
        </test-method> <!-- driverInitialization -->
      </class> <!-- webui.loginPage.Login -->
    </test> <!-- API Test Cases -->
  </suite> <!-- Test Automation Test Suite -->
</testng-results>
