<?xml version="1.0" encoding="UTF-8"?>
<testng-results ignored="0" total="2" passed="2" failed="0" skipped="0">
  <reporter-output>
  </reporter-output>
  <suite started-at="2025-08-10T23:12:18 IST" name="Test Automation Test Suite" finished-at="2025-08-10T23:12:24 IST" duration-ms="5795">
    <groups>
    </groups>
    <test started-at="2025-08-10T23:12:18 IST" name="WebUI Test Cases" finished-at="2025-08-10T23:12:20 IST" duration-ms="1633">
      <class name="webui.loginPage.Login">
        <test-method is-config="true" signature="setUp()[pri:0, instance:webui.loginPage.Login@6179e425]" started-at="2025-08-10T23:12:18 IST" name="setUp" finished-at="2025-08-10T23:12:19 IST" duration-ms="1081" status="PASS">
          <reporter-output>
          </reporter-output>
        </test-method> <!-- setUp -->
        <test-method signature="validateLogin()[pri:0, instance:webui.loginPage.Login@6179e425]" started-at="2025-08-10T23:12:19 IST" name="validateLogin" finished-at="2025-08-10T23:12:20 IST" duration-ms="312" status="PASS">
          <reporter-output>
          </reporter-output>
        </test-method> <!-- validateLogin -->
        <test-method is-config="true" signature="tearDown()[pri:0, instance:webui.loginPage.Login@6179e425]" started-at="2025-08-10T23:12:20 IST" name="tearDown" finished-at="2025-08-10T23:12:20 IST" duration-ms="209" status="PASS">
          <reporter-output>
          </reporter-output>
        </test-method> <!-- tearDown -->
      </class> <!-- webui.loginPage.Login -->
    </test> <!-- WebUI Test Cases -->
    <test started-at="2025-08-10T23:12:20 IST" name="API Test Cases" finished-at="2025-08-10T23:12:24 IST" duration-ms="4140">
      <class name="api.sampleDev.APITests">
        <test-method signature="getUsersAPITest()[pri:0, instance:api.sampleDev.APITests@1cdc4c27]" started-at="2025-08-10T23:12:20 IST" name="getUsersAPITest" finished-at="2025-08-10T23:12:24 IST" duration-ms="4138" status="PASS">
          <reporter-output>
          </reporter-output>
        </test-method> <!-- getUsersAPITest -->
      </class> <!-- api.sampleDev.APITests -->
      <class name="webui.loginPage.Login">
        <test-method is-config="true" signature="driverInitialization()[pri:0, instance:webui.loginPage.Login@6179e425]" started-at="2025-08-10T23:12:16 IST" name="driverInitialization" finished-at="2025-08-10T23:12:18 IST" duration-ms="1801" status="PASS">
          <reporter-output>
          </reporter-output>
        </test-method> <!-- driverInitialization -->
        <test-method is-config="true" signature="loadProfiles()[pri:0, instance:webui.loginPage.Login@6179e425]" started-at="2025-08-10T23:12:18 IST" name="loadProfiles" finished-at="2025-08-10T23:12:18 IST" duration-ms="1" status="PASS">
          <reporter-output>
          </reporter-output>
        </test-method> <!-- loadProfiles -->
      </class> <!-- webui.loginPage.Login -->
    </test> <!-- API Test Cases -->
  </suite> <!-- Test Automation Test Suite -->
</testng-results>
