<?xml version="1.0" encoding="UTF-8"?>
<testsuite xmlns:xsi="http://www.w3.org/2001/XMLSchema-instance" xsi:noNamespaceSchemaLocation="https://maven.apache.org/surefire/maven-surefire-plugin/xsd/surefire-test-report-3.0.xsd" version="3.0" name="TestSuite" time="9.686" tests="5" errors="0" skipped="0" failures="0">
  <properties>
[...]
</properties>
  <testcase name="validateLogin" classname="webui.loginPage.Login" time="0.327">
    <system-out><![CDATA[[DEBUG] 2025-08-16 12:53:08.068 [main] TestNG - suiteXmlPath: "c:\Users\Reetanshu Kumar\Documents\GitHub\selenium-restassured-automation\src\main\resources\testng.xml"
[INFO ] 2025-08-16 12:53:12.321 [main] Login - login successfull
[INFO ] 2025-08-16 12:53:12.580 [main] Login - Page title: Swag Labs
[INFO ] 2025-08-16 12:53:12.660 [main] Login - Login test passed with product count as: 6
]]></system-out>
  </testcase>
  <testcase name="postPhoneAPI" classname="api.sampleDev.APITests" time="3.01">
    <system-out><![CDATA[[INFO ] 2025-08-16 12:53:12.793 [main] Login - Browser closed successfully
[INFO ] 2025-08-16 12:53:15.023 [main] APITests - POST Response to phone creation : {"id":"ff8081819782e69e0198b1c2ddef2ee4","name":"Apple IPhone 13-RK","createdAt":"2025-08-16T07:23:14.800+00:00","data":{"year":2021,"price":899.99,"CPU model":"Google Tensor","Hard disk size":"128 GB"}}
[INFO ] 2025-08-16 12:53:15.831 [main] APITests - Device ID: ff8081819782e69e0198b1c2ddef2ee4
]]></system-out>
    <system-err><![CDATA[Aug 16, 2025 12:53:12 PM org.openqa.selenium.remote.http.WebSocket$Listener onError
WARNING: Connection reset
java.net.SocketException: Connection reset
	at java.base/sun.nio.ch.SocketChannelImpl.throwConnectionReset(SocketChannelImpl.java:394)
	at java.base/sun.nio.ch.SocketChannelImpl.read(SocketChannelImpl.java:426)
	at java.net.http/jdk.internal.net.http.SocketTube.readAvailable(SocketTube.java:1170)
	at java.net.http/jdk.internal.net.http.SocketTube$InternalReadPublisher$InternalReadSubscription.read(SocketTube.java:833)
	at java.net.http/jdk.internal.net.http.SocketTube$SocketFlowTask.run(SocketTube.java:181)
	at java.net.http/jdk.internal.net.http.common.SequentialScheduler$SchedulableTask.run(SequentialScheduler.java:230)
	at java.net.http/jdk.internal.net.http.common.SequentialScheduler.runOrSchedule(SequentialScheduler.java:303)
	at java.net.http/jdk.internal.net.http.common.SequentialScheduler.runOrSchedule(SequentialScheduler.java:256)
	at java.net.http/jdk.internal.net.http.SocketTube$InternalReadPublisher$InternalReadSubscription.signalReadable(SocketTube.java:774)
	at java.net.http/jdk.internal.net.http.SocketTube$InternalReadPublisher$ReadEvent.signalEvent(SocketTube.java:957)
	at java.net.http/jdk.internal.net.http.SocketTube$SocketFlowEvent.handle(SocketTube.java:253)
	at java.net.http/jdk.internal.net.http.HttpClientImpl$SelectorManager.handleEvent(HttpClientImpl.java:982)
	at java.net.http/jdk.internal.net.http.HttpClientImpl$SelectorManager.lambda$run$3(HttpClientImpl.java:937)
	at java.base/java.util.ArrayList.forEach(ArrayList.java:1511)
	at java.net.http/jdk.internal.net.http.HttpClientImpl$SelectorManager.run(HttpClientImpl.java:937)

]]></system-err>
  </testcase>
  <testcase name="getPhoneAPI" classname="api.sampleDev.APITests" time="0.329">
    <system-out><![CDATA[[INFO ] 2025-08-16 12:53:16.155 [main] APITests - GET API Test Passed with phone name: Apple IPhone 13-RK
]]></system-out>
  </testcase>
  <testcase name="putPhoneAPI" classname="api.sampleDev.APITests" time="0.347">
    <system-out><![CDATA[Body: { "name": "Apple IPhone 13-RK","data": {"year": 2021,"price": 799.990000, "CPU model": "Google Tensor", "Hard disk size": "128 GB"} }
[INFO ] 2025-08-16 12:53:16.466 [main] APITests - PUT Response to phone update: {"id":"ff8081819782e69e0198b1c2ddef2ee4","name":"Apple IPhone 13-RK","updatedAt":"2025-08-16T07:23:16.388+00:00","data":{"year":2021,"price":799.99,"CPU model":"Google Tensor","Hard disk size":"128 GB"}}
Current phone price: 799.99
[INFO ] 2025-08-16 12:53:16.506 [main] APITests - PUT API Test Passed with phone price: 799.99
]]></system-out>
  </testcase>
  <testcase name="deletePhoneAPI" classname="api.sampleDev.APITests" time="0.601">
    <system-out><![CDATA[[INFO ] 2025-08-16 12:53:16.780 [main] APITests - DELETE Response: {"message":"Object with id = ff8081819782e69e0198b1c2ddef2ee4 has been deleted."}
[INFO ] 2025-08-16 12:53:17.094 [main] APITests - DELETE API Test Passed, phone deleted successfully
]]></system-out>
  </testcase>
</testsuite>