<?xml version="1.0" encoding="UTF-8"?>
<!-- Generated by org.testng.reporters.JUnitXMLReporter -->
<testsuite ignored="0" hostname="469225d5a12d" failures="0" tests="4" name="API Test Cases" time="7.206" errors="0" timestamp="2025-08-24T17:37:25 UTC">
  <testcase classname="api.sampleDev.APITests" name="postPhoneAPI" time="5.931"/>
  <testcase classname="api.sampleDev.APITests" name="getPhoneAPI" time="0.412"/>
  <testcase classname="api.sampleDev.APITests" name="putPhoneAPI" time="0.305"/>
  <testcase classname="api.sampleDev.APITests" name="deletePhoneAPI" time="0.551"/>
</testsuite> <!-- API Test Cases -->
